2024-09-09 17:40:45,306 CRIT Supervisor is running as root.  Privileges were not dropped because no user is specified in the config file.  If you intend to run as root, you can set user=root in the config file to avoid this message.
2024-09-09 17:40:45,306 INFO supervisord started with pid 1
2024-09-09 17:40:46,310 INFO spawned: 'artisan-migrate' with pid 7
2024-09-09 17:40:46,313 INFO spawned: 'php-fpm' with pid 8
2024-09-09 17:40:46,315 INFO spawned: 'queue-worker' with pid 9
2024-09-09 17:40:46,316 INFO spawned: 'vue-dev-server' with pid 10
2024-09-09 17:40:46,317 INFO spawned: 'websocket-server' with pid 11
2024-09-09 17:40:46,911 WARN exited: artisan-migrate (exit status 0; not expected)
2024-09-09 17:40:47,944 INFO spawned: 'artisan-migrate' with pid 65
2024-09-09 17:40:47,945 INFO success: php-fpm entered RUNNING state, process has stayed up for > than 1 seconds (startsecs)
2024-09-09 17:40:47,945 INFO success: queue-worker entered RUNNING state, process has stayed up for > than 1 seconds (startsecs)
2024-09-09 17:40:47,945 INFO success: vue-dev-server entered RUNNING state, process has stayed up for > than 1 seconds (startsecs)
2024-09-09 17:40:47,945 INFO success: websocket-server entered RUNNING state, process has stayed up for > than 1 seconds (startsecs)
2024-09-09 17:40:48,064 WARN exited: artisan-migrate (exit status 0; not expected)
2024-09-09 17:40:50,070 INFO spawned: 'artisan-migrate' with pid 68
2024-09-09 17:40:50,183 WARN exited: artisan-migrate (exit status 0; not expected)
2024-09-09 17:40:53,189 INFO spawned: 'artisan-migrate' with pid 71
2024-09-09 17:40:53,322 WARN exited: artisan-migrate (exit status 0; not expected)
2024-09-09 17:40:54,323 INFO gave up: artisan-migrate entered FATAL state, too many start retries too quickly
2024-09-09 17:43:18,951 INFO reaped unknown pid 88 (exit status 0)
2024-09-09 17:43:18,951 INFO reaped unknown pid 90 (exit status 0)
2024-09-09 17:43:18,951 INFO reaped unknown pid 93 (exit status 0)
2024-09-09 17:43:18,951 INFO reaped unknown pid 94 (exit status 0)
2024-09-09 17:45:06,379 INFO reaped unknown pid 213 (exit status 0)
2024-09-09 17:45:06,379 INFO reaped unknown pid 215 (exit status 0)
2024-09-09 17:45:06,379 INFO reaped unknown pid 218 (exit status 0)
2024-09-09 17:45:06,380 INFO reaped unknown pid 219 (exit status 0)
2024-09-09 17:46:08,924 INFO reaped unknown pid 336 (exit status 0)
2024-09-09 17:46:08,924 INFO reaped unknown pid 338 (exit status 0)
2024-09-09 17:46:08,924 INFO reaped unknown pid 341 (exit status 0)
2024-09-09 17:46:08,924 INFO reaped unknown pid 342 (exit status 0)
2024-09-09 17:51:14,322 WARN received SIGQUIT indicating exit request
2024-09-09 17:51:14,322 INFO waiting for php-fpm, queue-worker, vue-dev-server, websocket-server to die
2024-09-09 17:51:14,328 INFO stopped: websocket-server (exit status 0)
2024-09-09 17:51:15,330 WARN stopped: vue-dev-server (terminated by SIGTERM)
2024-09-09 17:51:15,340 INFO stopped: queue-worker (exit status 0)
2024-09-09 17:51:15,346 INFO stopped: php-fpm (exit status 0)
2024-09-09 17:57:50,387 CRIT Supervisor is running as root.  Privileges were not dropped because no user is specified in the config file.  If you intend to run as root, you can set user=root in the config file to avoid this message.
2024-09-09 17:57:50,387 INFO supervisord started with pid 1
2024-09-09 17:57:51,392 INFO spawned: 'artisan-migrate' with pid 7
2024-09-09 17:57:51,395 INFO spawned: 'php-fpm' with pid 8
2024-09-09 17:57:51,396 INFO spawned: 'queue-worker' with pid 9
2024-09-09 17:57:51,397 INFO spawned: 'vue-dev-server' with pid 10
2024-09-09 17:57:51,398 INFO spawned: 'websocket-server' with pid 11
2024-09-09 17:57:51,413 INFO success: artisan-migrate entered RUNNING state, process has stayed up for > than 0 seconds (startsecs)
2024-09-09 17:57:51,984 INFO exited: artisan-migrate (exit status 0; expected)
2024-09-09 17:57:53,031 INFO success: php-fpm entered RUNNING state, process has stayed up for > than 1 seconds (startsecs)
2024-09-09 17:57:53,032 INFO success: queue-worker entered RUNNING state, process has stayed up for > than 1 seconds (startsecs)
2024-09-09 17:57:53,032 INFO success: vue-dev-server entered RUNNING state, process has stayed up for > than 1 seconds (startsecs)
2024-09-09 17:57:53,032 INFO success: websocket-server entered RUNNING state, process has stayed up for > than 1 seconds (startsecs)
2024-09-09 18:01:27,269 INFO reaped unknown pid 80 (exit status 0)
2024-09-09 18:01:27,269 INFO reaped unknown pid 82 (exit status 0)
2024-09-09 18:01:27,269 INFO reaped unknown pid 85 (exit status 0)
2024-09-09 18:01:27,269 INFO reaped unknown pid 86 (exit status 0)
2024-09-09 19:44:04,717 WARN received SIGQUIT indicating exit request
2024-09-09 19:44:04,717 INFO waiting for php-fpm, queue-worker, vue-dev-server, websocket-server to die
2024-09-09 19:44:04,728 INFO stopped: websocket-server (exit status 0)
2024-09-09 19:44:05,729 WARN stopped: vue-dev-server (terminated by SIGTERM)
2024-09-09 19:44:05,739 INFO stopped: queue-worker (exit status 0)
2024-09-09 19:44:05,744 INFO stopped: php-fpm (exit status 0)
2024-09-09 21:04:29,830 CRIT Supervisor is running as root.  Privileges were not dropped because no user is specified in the config file.  If you intend to run as root, you can set user=root in the config file to avoid this message.
2024-09-09 21:04:29,831 INFO supervisord started with pid 1
2024-09-09 21:04:30,835 INFO spawned: 'artisan-migrate' with pid 9
2024-09-09 21:04:30,837 INFO spawned: 'php-fpm' with pid 10
2024-09-09 21:04:30,839 INFO spawned: 'queue-worker' with pid 11
2024-09-09 21:04:30,840 INFO spawned: 'vue-dev-server' with pid 12
2024-09-09 21:04:30,841 INFO spawned: 'websocket-server' with pid 13
2024-09-09 21:04:30,856 INFO success: artisan-migrate entered RUNNING state, process has stayed up for > than 0 seconds (startsecs)
2024-09-09 21:04:31,397 INFO exited: artisan-migrate (exit status 0; expected)
2024-09-09 21:04:32,515 INFO success: php-fpm entered RUNNING state, process has stayed up for > than 1 seconds (startsecs)
2024-09-09 21:04:32,515 INFO success: queue-worker entered RUNNING state, process has stayed up for > than 1 seconds (startsecs)
2024-09-09 21:04:32,515 INFO success: vue-dev-server entered RUNNING state, process has stayed up for > than 1 seconds (startsecs)
2024-09-09 21:04:32,515 INFO success: websocket-server entered RUNNING state, process has stayed up for > than 1 seconds (startsecs)
2024-09-09 21:05:19,147 INFO reaped unknown pid 82 (exit status 0)
2024-09-09 21:05:19,148 INFO reaped unknown pid 84 (exit status 0)
2024-09-09 21:05:19,148 INFO reaped unknown pid 87 (exit status 0)
2024-09-09 21:05:19,148 INFO reaped unknown pid 88 (exit status 0)
2024-09-09 21:08:28,930 INFO reaped unknown pid 207 (exit status 0)
2024-09-09 21:08:28,930 INFO reaped unknown pid 209 (exit status 0)
2024-09-09 21:08:28,930 INFO reaped unknown pid 212 (exit status 0)
2024-09-09 21:08:28,930 INFO reaped unknown pid 213 (exit status 0)
2024-09-09 21:11:29,135 INFO reaped unknown pid 334 (exit status 0)
2024-09-09 21:11:29,135 INFO reaped unknown pid 336 (exit status 0)
2024-09-09 21:11:29,135 INFO reaped unknown pid 339 (exit status 0)
2024-09-09 21:11:29,135 INFO reaped unknown pid 340 (exit status 0)
2024-09-09 21:11:31,729 INFO reaped unknown pid 460 (exit status 0)
2024-09-09 21:11:31,729 INFO reaped unknown pid 462 (exit status 0)
2024-09-09 21:11:31,730 INFO reaped unknown pid 465 (exit status 0)
2024-09-09 21:11:31,730 INFO reaped unknown pid 466 (exit status 0)
2024-09-09 21:11:33,981 INFO reaped unknown pid 585 (exit status 0)
2024-09-09 21:11:33,981 INFO reaped unknown pid 587 (exit status 0)
2024-09-09 21:11:33,981 INFO reaped unknown pid 590 (exit status 0)
2024-09-09 21:11:33,982 INFO reaped unknown pid 591 (exit status 0)
2024-09-09 21:11:36,846 INFO reaped unknown pid 709 (exit status 0)
2024-09-09 21:11:36,846 INFO reaped unknown pid 711 (exit status 0)
2024-09-09 21:11:36,846 INFO reaped unknown pid 714 (exit status 0)
2024-09-09 21:11:36,846 INFO reaped unknown pid 715 (exit status 0)
2024-09-09 21:11:39,619 INFO reaped unknown pid 835 (exit status 0)
2024-09-09 21:11:39,620 INFO reaped unknown pid 837 (exit status 0)
2024-09-09 21:11:39,620 INFO reaped unknown pid 840 (exit status 0)
2024-09-09 21:11:39,620 INFO reaped unknown pid 841 (exit status 0)
2024-09-09 21:22:36,859 INFO reaped unknown pid 960 (exit status 0)
2024-09-09 21:22:36,859 INFO reaped unknown pid 962 (exit status 0)
2024-09-09 21:22:36,859 INFO reaped unknown pid 965 (exit status 0)
2024-09-09 21:22:36,859 INFO reaped unknown pid 966 (exit status 0)
2024-09-09 21:22:59,179 WARN received SIGQUIT indicating exit request
2024-09-09 21:22:59,179 INFO waiting for php-fpm, queue-worker, vue-dev-server, websocket-server to die
2024-09-09 21:22:59,185 INFO stopped: websocket-server (exit status 0)
2024-09-09 21:23:00,187 WARN stopped: vue-dev-server (terminated by SIGTERM)
2024-09-09 21:23:00,194 INFO stopped: queue-worker (exit status 0)
2024-09-09 21:23:00,199 INFO stopped: php-fpm (exit status 0)
2024-09-09 21:23:14,448 CRIT Supervisor is running as root.  Privileges were not dropped because no user is specified in the config file.  If you intend to run as root, you can set user=root in the config file to avoid this message.
2024-09-09 21:23:14,449 INFO supervisord started with pid 1
2024-09-09 21:23:15,453 INFO spawned: 'artisan-migrate' with pid 10
2024-09-09 21:23:15,455 INFO spawned: 'php-fpm' with pid 11
2024-09-09 21:23:15,457 INFO spawned: 'queue-worker' with pid 12
2024-09-09 21:23:15,459 INFO spawned: 'vue-dev-server' with pid 13
2024-09-09 21:23:15,461 INFO spawned: 'websocket-server' with pid 14
2024-09-09 21:23:15,480 INFO success: artisan-migrate entered RUNNING state, process has stayed up for > than 0 seconds (startsecs)
2024-09-09 21:23:15,589 INFO exited: artisan-migrate (exit status 0; expected)
2024-09-09 21:23:17,071 INFO success: php-fpm entered RUNNING state, process has stayed up for > than 1 seconds (startsecs)
2024-09-09 21:23:17,071 INFO success: queue-worker entered RUNNING state, process has stayed up for > than 1 seconds (startsecs)
2024-09-09 21:23:17,071 INFO success: vue-dev-server entered RUNNING state, process has stayed up for > than 1 seconds (startsecs)
2024-09-09 21:23:17,071 INFO success: websocket-server entered RUNNING state, process has stayed up for > than 1 seconds (startsecs)
2024-09-09 21:25:10,218 WARN received SIGQUIT indicating exit request
2024-09-09 21:25:10,218 INFO waiting for php-fpm, queue-worker, vue-dev-server, websocket-server to die
2024-09-09 21:25:10,223 INFO stopped: websocket-server (exit status 0)
2024-09-09 21:25:11,225 WARN stopped: vue-dev-server (terminated by SIGTERM)
2024-09-09 21:25:11,232 INFO stopped: queue-worker (exit status 0)
2024-09-09 21:25:11,236 INFO stopped: php-fpm (exit status 0)
2024-09-09 21:25:32,794 CRIT Supervisor is running as root.  Privileges were not dropped because no user is specified in the config file.  If you intend to run as root, you can set user=root in the config file to avoid this message.
2024-09-09 21:25:32,795 INFO supervisord started with pid 1
2024-09-09 21:25:33,799 INFO spawned: 'artisan-migrate' with pid 10
2024-09-09 21:25:33,801 INFO spawned: 'php-fpm' with pid 11
2024-09-09 21:25:33,803 INFO spawned: 'queue-worker' with pid 12
2024-09-09 21:25:33,805 INFO spawned: 'vue-dev-server' with pid 13
2024-09-09 21:25:33,807 INFO spawned: 'websocket-server' with pid 14
2024-09-09 21:25:33,822 INFO success: artisan-migrate entered RUNNING state, process has stayed up for > than 0 seconds (startsecs)
2024-09-09 21:25:33,914 INFO exited: artisan-migrate (exit status 0; expected)
2024-09-09 21:25:35,401 INFO success: php-fpm entered RUNNING state, process has stayed up for > than 1 seconds (startsecs)
2024-09-09 21:25:35,401 INFO success: queue-worker entered RUNNING state, process has stayed up for > than 1 seconds (startsecs)
2024-09-09 21:25:35,401 INFO success: vue-dev-server entered RUNNING state, process has stayed up for > than 1 seconds (startsecs)
2024-09-09 21:25:35,401 INFO success: websocket-server entered RUNNING state, process has stayed up for > than 1 seconds (startsecs)
2024-09-09 21:26:32,016 WARN received SIGQUIT indicating exit request
2024-09-09 21:26:32,016 INFO waiting for php-fpm, queue-worker, vue-dev-server, websocket-server to die
2024-09-09 21:26:32,029 INFO stopped: websocket-server (exit status 0)
2024-09-09 21:26:33,032 WARN stopped: vue-dev-server (terminated by SIGTERM)
2024-09-09 21:26:33,045 INFO stopped: queue-worker (exit status 0)
2024-09-09 21:26:33,054 INFO stopped: php-fpm (exit status 0)
2024-09-09 21:26:50,188 CRIT Supervisor is running as root.  Privileges were not dropped because no user is specified in the config file.  If you intend to run as root, you can set user=root in the config file to avoid this message.
2024-09-09 21:26:50,189 INFO supervisord started with pid 1
2024-09-09 21:26:51,191 INFO spawned: 'artisan-migrate' with pid 10
2024-09-09 21:26:51,192 INFO spawned: 'php-fpm' with pid 11
2024-09-09 21:26:51,193 INFO spawned: 'queue-worker' with pid 12
2024-09-09 21:26:51,194 INFO spawned: 'vue-dev-server' with pid 13
2024-09-09 21:26:51,195 INFO spawned: 'websocket-server' with pid 14
2024-09-09 21:26:51,210 INFO success: artisan-migrate entered RUNNING state, process has stayed up for > than 0 seconds (startsecs)
2024-09-09 21:26:51,307 INFO exited: artisan-migrate (exit status 0; expected)
2024-09-09 21:26:52,856 INFO success: php-fpm entered RUNNING state, process has stayed up for > than 1 seconds (startsecs)
2024-09-09 21:26:52,857 INFO success: queue-worker entered RUNNING state, process has stayed up for > than 1 seconds (startsecs)
2024-09-09 21:26:52,857 INFO success: vue-dev-server entered RUNNING state, process has stayed up for > than 1 seconds (startsecs)
2024-09-09 21:26:52,857 INFO success: websocket-server entered RUNNING state, process has stayed up for > than 1 seconds (startsecs)
2024-09-09 21:27:36,449 INFO reaped unknown pid 82 (exit status 0)
2024-09-09 21:27:36,449 INFO reaped unknown pid 84 (exit status 0)
2024-09-09 21:27:36,449 INFO reaped unknown pid 87 (exit status 0)
2024-09-09 21:27:36,449 INFO reaped unknown pid 88 (exit status 0)
2024-09-09 21:34:15,454 INFO reaped unknown pid 208 (exit status 0)
2024-09-09 21:34:15,454 INFO reaped unknown pid 210 (exit status 0)
2024-09-09 21:34:15,454 INFO reaped unknown pid 213 (exit status 0)
2024-09-09 21:34:15,454 INFO reaped unknown pid 214 (exit status 0)
2024-09-09 21:34:18,457 INFO reaped unknown pid 333 (exit status 0)
2024-09-09 21:34:18,457 INFO reaped unknown pid 335 (exit status 0)
2024-09-09 21:34:18,457 INFO reaped unknown pid 338 (exit status 0)
2024-09-09 21:34:18,457 INFO reaped unknown pid 339 (exit status 0)
2024-09-09 21:34:21,262 INFO reaped unknown pid 458 (exit status 0)
2024-09-09 21:34:21,262 INFO reaped unknown pid 460 (exit status 0)
2024-09-09 21:34:21,262 INFO reaped unknown pid 463 (exit status 0)
2024-09-09 21:34:21,262 INFO reaped unknown pid 464 (exit status 0)
2024-09-09 21:34:23,938 INFO reaped unknown pid 583 (exit status 0)
2024-09-09 21:34:23,939 INFO reaped unknown pid 585 (exit status 0)
2024-09-09 21:34:23,939 INFO reaped unknown pid 588 (exit status 0)
2024-09-09 21:34:23,939 INFO reaped unknown pid 589 (exit status 0)
2024-09-09 21:34:26,579 INFO reaped unknown pid 707 (exit status 0)
2024-09-09 21:34:26,579 INFO reaped unknown pid 709 (exit status 0)
2024-09-09 21:34:26,579 INFO reaped unknown pid 712 (exit status 0)
2024-09-09 21:34:26,579 INFO reaped unknown pid 713 (exit status 0)
2024-09-09 21:34:29,526 INFO reaped unknown pid 831 (exit status 0)
2024-09-09 21:34:29,526 INFO reaped unknown pid 833 (exit status 0)
2024-09-09 21:34:29,526 INFO reaped unknown pid 836 (exit status 0)
2024-09-09 21:34:29,526 INFO reaped unknown pid 837 (exit status 0)
2024-09-09 21:34:32,025 INFO reaped unknown pid 957 (exit status 0)
2024-09-09 21:34:32,025 INFO reaped unknown pid 959 (exit status 0)
2024-09-09 21:34:32,025 INFO reaped unknown pid 962 (exit status 0)
2024-09-09 21:34:32,025 INFO reaped unknown pid 963 (exit status 0)
2024-09-09 21:34:34,714 INFO reaped unknown pid 1082 (exit status 0)
2024-09-09 21:34:34,714 INFO reaped unknown pid 1084 (exit status 0)
2024-09-09 21:34:34,714 INFO reaped unknown pid 1087 (exit status 0)
2024-09-09 21:34:34,714 INFO reaped unknown pid 1088 (exit status 0)
2024-09-09 21:34:37,740 INFO reaped unknown pid 1209 (exit status 0)
2024-09-09 21:34:37,740 INFO reaped unknown pid 1211 (exit status 0)
2024-09-09 21:34:37,740 INFO reaped unknown pid 1214 (exit status 0)
2024-09-09 21:34:37,741 INFO reaped unknown pid 1215 (exit status 0)
2024-09-09 21:34:40,315 INFO reaped unknown pid 1335 (exit status 0)
2024-09-09 21:34:40,316 INFO reaped unknown pid 1337 (exit status 0)
2024-09-09 21:34:40,316 INFO reaped unknown pid 1340 (exit status 0)
2024-09-09 21:34:40,316 INFO reaped unknown pid 1341 (exit status 0)
2024-09-09 21:34:42,929 INFO reaped unknown pid 1461 (exit status 0)
2024-09-09 21:34:42,929 INFO reaped unknown pid 1463 (exit status 0)
2024-09-09 21:34:42,930 INFO reaped unknown pid 1466 (exit status 0)
2024-09-09 21:34:42,930 INFO reaped unknown pid 1467 (exit status 0)
2024-09-09 21:38:45,697 INFO reaped unknown pid 1586 (exit status 0)
2024-09-09 21:38:45,697 INFO reaped unknown pid 1588 (exit status 0)
2024-09-09 21:38:45,697 INFO reaped unknown pid 1591 (exit status 0)
2024-09-09 21:38:45,697 INFO reaped unknown pid 1592 (exit status 0)
2024-09-09 21:38:48,298 INFO reaped unknown pid 1713 (exit status 0)
2024-09-09 21:38:48,298 INFO reaped unknown pid 1715 (exit status 0)
2024-09-09 21:38:48,298 INFO reaped unknown pid 1718 (exit status 0)
2024-09-09 21:38:48,298 INFO reaped unknown pid 1719 (exit status 0)
2024-09-09 21:38:51,018 INFO reaped unknown pid 1837 (exit status 0)
2024-09-09 21:38:51,018 INFO reaped unknown pid 1839 (exit status 0)
2024-09-09 21:38:51,018 INFO reaped unknown pid 1842 (exit status 0)
2024-09-09 21:38:51,018 INFO reaped unknown pid 1843 (exit status 0)
2024-09-09 21:38:53,448 INFO reaped unknown pid 1962 (exit status 0)
2024-09-09 21:38:53,448 INFO reaped unknown pid 1964 (exit status 0)
2024-09-09 21:38:53,449 INFO reaped unknown pid 1967 (exit status 0)
2024-09-09 21:38:53,449 INFO reaped unknown pid 1968 (exit status 0)
2024-09-09 21:38:55,859 INFO reaped unknown pid 2088 (exit status 0)
2024-09-09 21:38:55,859 INFO reaped unknown pid 2090 (exit status 0)
2024-09-09 21:38:55,859 INFO reaped unknown pid 2093 (exit status 0)
2024-09-09 21:38:55,859 INFO reaped unknown pid 2094 (exit status 0)
2024-09-09 21:38:58,439 INFO reaped unknown pid 2214 (exit status 0)
2024-09-09 21:38:58,439 INFO reaped unknown pid 2216 (exit status 0)
2024-09-09 21:38:58,439 INFO reaped unknown pid 2219 (exit status 0)
2024-09-09 21:38:58,439 INFO reaped unknown pid 2220 (exit status 0)
2024-09-09 21:39:00,895 INFO reaped unknown pid 2340 (exit status 0)
2024-09-09 21:39:00,895 INFO reaped unknown pid 2342 (exit status 0)
2024-09-09 21:39:00,896 INFO reaped unknown pid 2345 (exit status 0)
2024-09-09 21:39:00,896 INFO reaped unknown pid 2346 (exit status 0)
2024-09-09 21:39:03,501 INFO reaped unknown pid 2465 (exit status 0)
2024-09-09 21:39:03,501 INFO reaped unknown pid 2467 (exit status 0)
2024-09-09 21:39:03,501 INFO reaped unknown pid 2470 (exit status 0)
2024-09-09 21:39:03,501 INFO reaped unknown pid 2471 (exit status 0)
2024-09-09 21:39:06,020 INFO reaped unknown pid 2592 (exit status 0)
2024-09-09 21:39:06,020 INFO reaped unknown pid 2594 (exit status 0)
2024-09-09 21:39:06,020 INFO reaped unknown pid 2597 (exit status 0)
2024-09-09 21:39:06,020 INFO reaped unknown pid 2598 (exit status 0)
2024-09-09 21:39:20,899 INFO reaped unknown pid 2717 (exit status 0)
2024-09-09 21:39:20,899 INFO reaped unknown pid 2719 (exit status 0)
2024-09-09 21:39:20,899 INFO reaped unknown pid 2722 (exit status 0)
2024-09-09 21:39:20,899 INFO reaped unknown pid 2723 (exit status 0)
2024-09-09 21:39:24,058 INFO reaped unknown pid 2843 (exit status 0)
2024-09-09 21:39:24,058 INFO reaped unknown pid 2845 (exit status 0)
2024-09-09 21:39:24,058 INFO reaped unknown pid 2848 (exit status 0)
2024-09-09 21:39:24,058 INFO reaped unknown pid 2849 (exit status 0)
2024-09-09 21:39:27,064 INFO reaped unknown pid 2967 (exit status 0)
2024-09-09 21:39:27,064 INFO reaped unknown pid 2969 (exit status 0)
2024-09-09 21:39:27,065 INFO reaped unknown pid 2972 (exit status 0)
2024-09-09 21:39:27,065 INFO reaped unknown pid 2973 (exit status 0)
2024-09-09 21:39:29,394 INFO reaped unknown pid 3092 (exit status 0)
2024-09-09 21:39:29,394 INFO reaped unknown pid 3094 (exit status 0)
2024-09-09 21:39:29,394 INFO reaped unknown pid 3097 (exit status 0)
2024-09-09 21:39:29,394 INFO reaped unknown pid 3098 (exit status 0)
2024-09-09 21:39:32,210 INFO reaped unknown pid 3218 (exit status 0)
2024-09-09 21:39:32,210 INFO reaped unknown pid 3220 (exit status 0)
2024-09-09 21:39:32,210 INFO reaped unknown pid 3223 (exit status 0)
2024-09-09 21:39:32,210 INFO reaped unknown pid 3224 (exit status 0)
2024-09-09 21:39:34,819 INFO reaped unknown pid 3343 (exit status 0)
2024-09-09 21:39:34,819 INFO reaped unknown pid 3345 (exit status 0)
2024-09-09 21:39:34,819 INFO reaped unknown pid 3348 (exit status 0)
2024-09-09 21:39:34,819 INFO reaped unknown pid 3349 (exit status 0)
2024-09-09 21:39:37,334 INFO reaped unknown pid 3468 (exit status 0)
2024-09-09 21:39:37,335 INFO reaped unknown pid 3470 (exit status 0)
2024-09-09 21:39:37,335 INFO reaped unknown pid 3473 (exit status 0)
2024-09-09 21:39:37,335 INFO reaped unknown pid 3474 (exit status 0)
2024-09-09 21:39:39,968 INFO reaped unknown pid 3593 (exit status 0)
2024-09-09 21:39:39,968 INFO reaped unknown pid 3595 (exit status 0)
2024-09-09 21:39:39,968 INFO reaped unknown pid 3598 (exit status 0)
2024-09-09 21:39:39,968 INFO reaped unknown pid 3599 (exit status 0)
2024-09-09 21:39:42,580 INFO reaped unknown pid 3718 (exit status 0)
2024-09-09 21:39:42,580 INFO reaped unknown pid 3720 (exit status 0)
2024-09-09 21:39:42,580 INFO reaped unknown pid 3723 (exit status 0)
2024-09-09 21:39:42,580 INFO reaped unknown pid 3724 (exit status 0)
2024-09-09 21:39:45,132 INFO reaped unknown pid 3842 (exit status 0)
2024-09-09 21:39:45,132 INFO reaped unknown pid 3844 (exit status 0)
2024-09-09 21:39:45,132 INFO reaped unknown pid 3847 (exit status 0)
2024-09-09 21:39:45,132 INFO reaped unknown pid 3848 (exit status 0)
2024-09-09 21:39:47,947 INFO reaped unknown pid 3970 (exit status 0)
2024-09-09 21:39:47,947 INFO reaped unknown pid 3972 (exit status 0)
2024-09-09 21:39:47,947 INFO reaped unknown pid 3975 (exit status 0)
2024-09-09 21:39:47,947 INFO reaped unknown pid 3976 (exit status 0)
2024-09-09 21:41:08,790 INFO reaped unknown pid 4095 (exit status 0)
2024-09-09 21:41:08,790 INFO reaped unknown pid 4097 (exit status 0)
2024-09-09 21:41:08,790 INFO reaped unknown pid 4100 (exit status 0)
2024-09-09 21:41:08,790 INFO reaped unknown pid 4101 (exit status 0)
2024-09-09 21:41:11,113 INFO reaped unknown pid 4221 (exit status 0)
2024-09-09 21:41:11,113 INFO reaped unknown pid 4223 (exit status 0)
2024-09-09 21:41:11,113 INFO reaped unknown pid 4226 (exit status 0)
2024-09-09 21:41:11,113 INFO reaped unknown pid 4227 (exit status 0)
2024-09-09 21:41:13,770 INFO reaped unknown pid 4345 (exit status 0)
2024-09-09 21:41:13,770 INFO reaped unknown pid 4347 (exit status 0)
2024-09-09 21:41:13,770 INFO reaped unknown pid 4350 (exit status 0)
2024-09-09 21:41:13,771 INFO reaped unknown pid 4351 (exit status 0)
2024-09-09 21:41:16,500 INFO reaped unknown pid 4471 (exit status 0)
2024-09-09 21:41:16,501 INFO reaped unknown pid 4473 (exit status 0)
2024-09-09 21:41:16,501 INFO reaped unknown pid 4476 (exit status 0)
2024-09-09 21:41:16,501 INFO reaped unknown pid 4477 (exit status 0)
2024-09-09 21:41:19,297 INFO reaped unknown pid 4597 (exit status 0)
2024-09-09 21:41:19,297 INFO reaped unknown pid 4599 (exit status 0)
2024-09-09 21:41:19,297 INFO reaped unknown pid 4602 (exit status 0)
2024-09-09 21:41:19,297 INFO reaped unknown pid 4603 (exit status 0)
2024-09-09 21:41:22,178 INFO reaped unknown pid 4723 (exit status 0)
2024-09-09 21:41:22,178 INFO reaped unknown pid 4725 (exit status 0)
2024-09-09 21:41:22,178 INFO reaped unknown pid 4728 (exit status 0)
2024-09-09 21:41:22,178 INFO reaped unknown pid 4729 (exit status 0)
2024-09-09 21:41:24,713 INFO reaped unknown pid 4847 (exit status 0)
2024-09-09 21:41:24,713 INFO reaped unknown pid 4849 (exit status 0)
2024-09-09 21:41:24,713 INFO reaped unknown pid 4852 (exit status 0)
2024-09-09 21:41:24,713 INFO reaped unknown pid 4853 (exit status 0)
2024-09-09 21:41:34,342 INFO reaped unknown pid 4972 (exit status 0)
2024-09-09 21:41:34,342 INFO reaped unknown pid 4974 (exit status 0)
2024-09-09 21:41:34,342 INFO reaped unknown pid 4977 (exit status 0)
2024-09-09 21:41:34,342 INFO reaped unknown pid 4978 (exit status 0)
2024-09-09 21:41:36,747 INFO reaped unknown pid 5097 (exit status 0)
2024-09-09 21:41:36,747 INFO reaped unknown pid 5099 (exit status 0)
2024-09-09 21:41:36,747 INFO reaped unknown pid 5102 (exit status 0)
2024-09-09 21:41:36,747 INFO reaped unknown pid 5103 (exit status 0)
2024-09-09 21:41:39,869 INFO reaped unknown pid 5222 (exit status 0)
2024-09-09 21:41:39,869 INFO reaped unknown pid 5224 (exit status 0)
2024-09-09 21:41:39,869 INFO reaped unknown pid 5227 (exit status 0)
2024-09-09 21:41:39,869 INFO reaped unknown pid 5228 (exit status 0)
2024-09-09 21:41:42,532 INFO reaped unknown pid 5345 (exit status 0)
2024-09-09 21:41:42,532 INFO reaped unknown pid 5347 (exit status 0)
2024-09-09 21:41:42,532 INFO reaped unknown pid 5350 (exit status 0)
2024-09-09 21:41:42,532 INFO reaped unknown pid 5351 (exit status 0)
2024-09-09 21:41:44,961 INFO reaped unknown pid 5470 (exit status 0)
2024-09-09 21:41:44,961 INFO reaped unknown pid 5472 (exit status 0)
2024-09-09 21:41:44,961 INFO reaped unknown pid 5475 (exit status 0)
2024-09-09 21:41:44,962 INFO reaped unknown pid 5476 (exit status 0)
2024-09-09 21:41:47,637 INFO reaped unknown pid 5594 (exit status 0)
2024-09-09 21:41:47,637 INFO reaped unknown pid 5596 (exit status 0)
2024-09-09 21:41:47,638 INFO reaped unknown pid 5599 (exit status 0)
2024-09-09 21:41:47,638 INFO reaped unknown pid 5600 (exit status 0)
2024-09-09 21:48:11,676 INFO reaped unknown pid 5720 (exit status 0)
2024-09-09 21:48:11,676 INFO reaped unknown pid 5722 (exit status 0)
2024-09-09 21:48:11,676 INFO reaped unknown pid 5725 (exit status 0)
2024-09-09 21:48:11,676 INFO reaped unknown pid 5726 (exit status 0)
2024-09-09 21:48:14,600 INFO reaped unknown pid 5846 (exit status 0)
2024-09-09 21:48:14,600 INFO reaped unknown pid 5848 (exit status 0)
2024-09-09 21:48:14,601 INFO reaped unknown pid 5851 (exit status 0)
2024-09-09 21:48:14,601 INFO reaped unknown pid 5852 (exit status 0)
2024-09-09 21:48:17,603 INFO reaped unknown pid 5970 (exit status 0)
2024-09-09 21:48:17,603 INFO reaped unknown pid 5972 (exit status 0)
2024-09-09 21:48:17,604 INFO reaped unknown pid 5975 (exit status 0)
2024-09-09 21:48:17,604 INFO reaped unknown pid 5976 (exit status 0)
2024-09-09 22:16:24,362 WARN received SIGQUIT indicating exit request
2024-09-09 22:16:24,362 INFO waiting for php-fpm, queue-worker, vue-dev-server, websocket-server to die
2024-09-09 22:16:24,371 INFO stopped: websocket-server (exit status 0)
2024-09-09 22:16:25,373 WARN stopped: vue-dev-server (terminated by SIGTERM)
2024-09-09 22:16:25,380 INFO stopped: queue-worker (exit status 0)
2024-09-09 22:16:25,386 INFO stopped: php-fpm (exit status 0)
2024-09-09 22:17:53,602 CRIT Supervisor is running as root.  Privileges were not dropped because no user is specified in the config file.  If you intend to run as root, you can set user=root in the config file to avoid this message.
2024-09-09 22:17:53,603 INFO supervisord started with pid 1
2024-09-09 22:17:54,606 INFO spawned: 'artisan-migrate' with pid 10
2024-09-09 22:17:54,608 INFO spawned: 'php-fpm' with pid 11
2024-09-09 22:17:54,610 INFO spawned: 'queue-worker' with pid 12
2024-09-09 22:17:54,612 INFO spawned: 'vue-dev-server' with pid 13
2024-09-09 22:17:54,613 INFO spawned: 'websocket-server' with pid 14
2024-09-09 22:17:54,637 INFO success: artisan-migrate entered RUNNING state, process has stayed up for > than 0 seconds (startsecs)
2024-09-09 22:17:54,738 INFO exited: artisan-migrate (exit status 0; expected)
2024-09-09 22:17:55,883 INFO success: php-fpm entered RUNNING state, process has stayed up for > than 1 seconds (startsecs)
2024-09-09 22:17:55,883 INFO success: queue-worker entered RUNNING state, process has stayed up for > than 1 seconds (startsecs)
2024-09-09 22:17:55,883 INFO success: vue-dev-server entered RUNNING state, process has stayed up for > than 1 seconds (startsecs)
2024-09-09 22:17:55,883 INFO success: websocket-server entered RUNNING state, process has stayed up for > than 1 seconds (startsecs)
2024-09-09 22:20:47,402 WARN received SIGQUIT indicating exit request
2024-09-09 22:20:47,402 INFO waiting for php-fpm, queue-worker, vue-dev-server, websocket-server to die
2024-09-09 22:20:47,409 INFO stopped: websocket-server (exit status 0)
2024-09-09 22:20:48,411 WARN stopped: vue-dev-server (terminated by SIGTERM)
2024-09-09 22:20:48,417 INFO stopped: queue-worker (exit status 0)
2024-09-09 22:20:48,423 INFO stopped: php-fpm (exit status 0)
2024-09-09 22:21:02,457 CRIT Supervisor is running as root.  Privileges were not dropped because no user is specified in the config file.  If you intend to run as root, you can set user=root in the config file to avoid this message.
2024-09-09 22:21:02,458 INFO supervisord started with pid 1
2024-09-09 22:21:03,461 INFO spawned: 'artisan-migrate' with pid 9
2024-09-09 22:21:03,465 INFO spawned: 'php-fpm' with pid 10
2024-09-09 22:21:03,468 INFO spawned: 'queue-worker' with pid 11
2024-09-09 22:21:03,471 INFO spawned: 'vue-dev-server' with pid 12
2024-09-09 22:21:03,474 INFO spawned: 'websocket-server' with pid 13
2024-09-09 22:21:03,507 INFO success: artisan-migrate entered RUNNING state, process has stayed up for > than 0 seconds (startsecs)
2024-09-09 22:21:03,629 INFO exited: artisan-migrate (exit status 0; expected)
2024-09-09 22:21:04,818 INFO success: php-fpm entered RUNNING state, process has stayed up for > than 1 seconds (startsecs)
2024-09-09 22:21:04,818 INFO success: queue-worker entered RUNNING state, process has stayed up for > than 1 seconds (startsecs)
2024-09-09 22:21:04,818 INFO success: vue-dev-server entered RUNNING state, process has stayed up for > than 1 seconds (startsecs)
2024-09-09 22:21:04,818 INFO success: websocket-server entered RUNNING state, process has stayed up for > than 1 seconds (startsecs)
2024-09-09 22:21:18,404 INFO reaped unknown pid 78 (exit status 0)
2024-09-09 22:21:18,404 INFO reaped unknown pid 80 (exit status 0)
2024-09-09 22:21:18,404 INFO reaped unknown pid 83 (exit status 0)
2024-09-09 22:21:18,404 INFO reaped unknown pid 84 (exit status 0)
2024-09-09 22:24:21,623 WARN received SIGQUIT indicating exit request
2024-09-09 22:24:21,623 INFO waiting for php-fpm, queue-worker, vue-dev-server, websocket-server to die
2024-09-09 22:24:21,632 INFO stopped: websocket-server (exit status 0)
2024-09-09 22:24:22,634 WARN stopped: vue-dev-server (terminated by SIGTERM)
2024-09-09 22:24:22,643 INFO stopped: queue-worker (exit status 0)
2024-09-09 22:24:22,649 INFO stopped: php-fpm (exit status 0)
2024-09-09 22:24:36,705 CRIT Supervisor is running as root.  Privileges were not dropped because no user is specified in the config file.  If you intend to run as root, you can set user=root in the config file to avoid this message.
2024-09-09 22:24:36,706 INFO supervisord started with pid 1
2024-09-09 22:24:37,708 INFO spawned: 'artisan-migrate' with pid 10
2024-09-09 22:24:37,709 INFO spawned: 'php-fpm' with pid 11
2024-09-09 22:24:37,710 INFO spawned: 'queue-worker' with pid 12
2024-09-09 22:24:37,711 INFO spawned: 'vue-dev-server' with pid 13
2024-09-09 22:24:37,713 INFO spawned: 'websocket-server' with pid 14
2024-09-09 22:24:37,727 INFO success: artisan-migrate entered RUNNING state, process has stayed up for > than 0 seconds (startsecs)
2024-09-09 22:24:37,823 INFO exited: artisan-migrate (exit status 0; expected)
2024-09-09 22:24:39,683 INFO success: php-fpm entered RUNNING state, process has stayed up for > than 1 seconds (startsecs)
2024-09-09 22:24:39,683 INFO success: queue-worker entered RUNNING state, process has stayed up for > than 1 seconds (startsecs)
2024-09-09 22:24:39,683 INFO success: vue-dev-server entered RUNNING state, process has stayed up for > than 1 seconds (startsecs)
2024-09-09 22:24:39,683 INFO success: websocket-server entered RUNNING state, process has stayed up for > than 1 seconds (startsecs)
2024-09-09 22:25:01,412 INFO reaped unknown pid 77 (exit status 0)
2024-09-09 22:25:01,412 INFO reaped unknown pid 79 (exit status 0)
2024-09-09 22:25:01,412 INFO reaped unknown pid 82 (exit status 0)
2024-09-09 22:25:01,412 INFO reaped unknown pid 83 (exit status 0)
2024-09-09 22:25:13,181 INFO reaped unknown pid 201 (exit status 0)
2024-09-09 22:25:13,181 INFO reaped unknown pid 203 (exit status 0)
2024-09-09 22:25:13,181 INFO reaped unknown pid 206 (exit status 0)
2024-09-09 22:25:13,181 INFO reaped unknown pid 207 (exit status 0)
2024-09-09 22:25:21,910 INFO reaped unknown pid 326 (exit status 0)
2024-09-09 22:25:21,910 INFO reaped unknown pid 328 (exit status 0)
2024-09-09 22:25:21,910 INFO reaped unknown pid 331 (exit status 0)
2024-09-09 22:25:21,910 INFO reaped unknown pid 332 (exit status 0)
2024-09-09 22:25:24,850 INFO reaped unknown pid 453 (exit status 0)
2024-09-09 22:25:24,850 INFO reaped unknown pid 455 (exit status 0)
2024-09-09 22:25:24,850 INFO reaped unknown pid 458 (exit status 0)
2024-09-09 22:25:24,850 INFO reaped unknown pid 459 (exit status 0)
2024-09-09 22:25:30,502 INFO reaped unknown pid 579 (exit status 0)
2024-09-09 22:25:30,502 INFO reaped unknown pid 581 (exit status 0)
2024-09-09 22:25:30,502 INFO reaped unknown pid 584 (exit status 0)
2024-09-09 22:25:30,503 INFO reaped unknown pid 585 (exit status 0)
2024-09-09 22:25:33,121 INFO reaped unknown pid 706 (exit status 0)
2024-09-09 22:25:33,121 INFO reaped unknown pid 708 (exit status 0)
2024-09-09 22:25:33,121 INFO reaped unknown pid 711 (exit status 0)
2024-09-09 22:25:33,122 INFO reaped unknown pid 712 (exit status 0)
2024-09-09 22:25:41,843 INFO reaped unknown pid 832 (exit status 0)
2024-09-09 22:25:41,843 INFO reaped unknown pid 834 (exit status 0)
2024-09-09 22:25:41,843 INFO reaped unknown pid 837 (exit status 0)
2024-09-09 22:25:41,843 INFO reaped unknown pid 838 (exit status 0)
2024-09-09 22:27:35,669 INFO reaped unknown pid 959 (exit status 0)
2024-09-09 22:27:35,670 INFO reaped unknown pid 961 (exit status 0)
2024-09-09 22:27:35,670 INFO reaped unknown pid 964 (exit status 0)
2024-09-09 22:27:35,670 INFO reaped unknown pid 965 (exit status 0)
2024-09-09 22:27:44,272 INFO reaped unknown pid 1085 (exit status 0)
2024-09-09 22:27:44,272 INFO reaped unknown pid 1087 (exit status 0)
2024-09-09 22:27:44,272 INFO reaped unknown pid 1090 (exit status 0)
2024-09-09 22:27:44,273 INFO reaped unknown pid 1091 (exit status 0)
2024-09-09 22:28:41,632 WARN received SIGQUIT indicating exit request
2024-09-09 22:28:41,632 INFO waiting for php-fpm, queue-worker, vue-dev-server, websocket-server to die
2024-09-09 22:28:41,639 INFO stopped: websocket-server (exit status 0)
2024-09-09 22:28:42,641 WARN stopped: vue-dev-server (terminated by SIGTERM)
2024-09-09 22:28:42,650 INFO stopped: queue-worker (exit status 0)
2024-09-09 22:28:42,655 INFO stopped: php-fpm (exit status 0)
2024-09-09 22:33:58,492 CRIT Supervisor is running as root.  Privileges were not dropped because no user is specified in the config file.  If you intend to run as root, you can set user=root in the config file to avoid this message.
2024-09-09 22:33:58,493 INFO supervisord started with pid 1
2024-09-09 22:33:59,497 INFO spawned: 'artisan-migrate' with pid 10
2024-09-09 22:33:59,500 INFO spawned: 'php-fpm' with pid 11
2024-09-09 22:33:59,502 INFO spawned: 'queue-worker' with pid 12
2024-09-09 22:33:59,504 INFO spawned: 'vue-dev-server' with pid 13
2024-09-09 22:33:59,506 INFO spawned: 'websocket-server' with pid 14
2024-09-09 22:33:59,564 INFO success: artisan-migrate entered RUNNING state, process has stayed up for > than 0 seconds (startsecs)
2024-09-09 22:34:00,162 INFO exited: artisan-migrate (exit status 0; expected)
2024-09-09 22:34:01,173 INFO success: php-fpm entered RUNNING state, process has stayed up for > than 1 seconds (startsecs)
2024-09-09 22:34:01,173 INFO success: queue-worker entered RUNNING state, process has stayed up for > than 1 seconds (startsecs)
2024-09-09 22:34:01,173 INFO success: vue-dev-server entered RUNNING state, process has stayed up for > than 1 seconds (startsecs)
2024-09-09 22:34:01,173 INFO success: websocket-server entered RUNNING state, process has stayed up for > than 1 seconds (startsecs)
2024-09-09 22:36:09,097 INFO reaped unknown pid 82 (exit status 0)
2024-09-09 22:36:09,097 INFO reaped unknown pid 84 (exit status 0)
2024-09-09 22:36:09,097 INFO reaped unknown pid 87 (exit status 0)
2024-09-09 22:36:09,097 INFO reaped unknown pid 88 (exit status 0)
2024-09-09 22:36:26,130 WARN received SIGQUIT indicating exit request
2024-09-09 22:36:26,130 INFO waiting for php-fpm, queue-worker, vue-dev-server, websocket-server to die
2024-09-09 22:36:26,135 INFO stopped: websocket-server (exit status 0)
2024-09-09 22:36:27,137 WARN stopped: vue-dev-server (terminated by SIGTERM)
2024-09-09 22:36:27,147 INFO stopped: queue-worker (exit status 0)
2024-09-09 22:36:27,153 INFO stopped: php-fpm (exit status 0)
2024-09-09 22:36:45,720 CRIT Supervisor is running as root.  Privileges were not dropped because no user is specified in the config file.  If you intend to run as root, you can set user=root in the config file to avoid this message.
2024-09-09 22:36:45,722 INFO supervisord started with pid 1
2024-09-09 22:36:46,727 INFO spawned: 'artisan-migrate' with pid 10
2024-09-09 22:36:46,729 INFO spawned: 'php-fpm' with pid 11
2024-09-09 22:36:46,731 INFO spawned: 'queue-worker' with pid 12
2024-09-09 22:36:46,732 INFO spawned: 'vue-dev-server' with pid 13
2024-09-09 22:36:46,734 INFO spawned: 'websocket-server' with pid 14
2024-09-09 22:36:46,756 INFO success: artisan-migrate entered RUNNING state, process has stayed up for > than 0 seconds (startsecs)
2024-09-09 22:36:46,845 INFO exited: artisan-migrate (exit status 0; expected)
2024-09-09 22:36:48,466 INFO success: php-fpm entered RUNNING state, process has stayed up for > than 1 seconds (startsecs)
2024-09-09 22:36:48,466 INFO success: queue-worker entered RUNNING state, process has stayed up for > than 1 seconds (startsecs)
2024-09-09 22:36:48,466 INFO success: vue-dev-server entered RUNNING state, process has stayed up for > than 1 seconds (startsecs)
2024-09-09 22:36:48,466 INFO success: websocket-server entered RUNNING state, process has stayed up for > than 1 seconds (startsecs)
2024-09-09 22:41:59,069 INFO reaped unknown pid 81 (exit status 0)
2024-09-09 22:41:59,069 INFO reaped unknown pid 83 (exit status 0)
2024-09-09 22:41:59,069 INFO reaped unknown pid 86 (exit status 0)
2024-09-09 22:41:59,070 INFO reaped unknown pid 87 (exit status 0)
2024-09-09 22:42:04,084 WARN received SIGQUIT indicating exit request
2024-09-09 22:42:04,084 INFO waiting for php-fpm, queue-worker, vue-dev-server, websocket-server to die
2024-09-09 22:42:04,090 INFO stopped: websocket-server (exit status 0)
2024-09-09 22:42:05,091 WARN stopped: vue-dev-server (terminated by SIGTERM)
2024-09-09 22:42:05,097 INFO stopped: queue-worker (exit status 0)
2024-09-09 22:42:06,104 INFO stopped: php-fpm (exit status 0)
2024-09-09 22:42:23,118 CRIT Supervisor is running as root.  Privileges were not dropped because no user is specified in the config file.  If you intend to run as root, you can set user=root in the config file to avoid this message.
2024-09-09 22:42:23,119 INFO supervisord started with pid 1
2024-09-09 22:42:24,123 INFO spawned: 'artisan-migrate' with pid 9
2024-09-09 22:42:24,126 INFO spawned: 'php-fpm' with pid 10
2024-09-09 22:42:24,128 INFO spawned: 'queue-worker' with pid 11
2024-09-09 22:42:24,129 INFO spawned: 'vue-dev-server' with pid 12
2024-09-09 22:42:24,130 INFO spawned: 'websocket-server' with pid 13
2024-09-09 22:42:24,145 INFO success: artisan-migrate entered RUNNING state, process has stayed up for > than 0 seconds (startsecs)
2024-09-09 22:42:24,260 INFO exited: artisan-migrate (exit status 0; expected)
2024-09-09 22:42:25,358 INFO success: php-fpm entered RUNNING state, process has stayed up for > than 1 seconds (startsecs)
2024-09-09 22:42:25,358 INFO success: queue-worker entered RUNNING state, process has stayed up for > than 1 seconds (startsecs)
2024-09-09 22:42:25,358 INFO success: vue-dev-server entered RUNNING state, process has stayed up for > than 1 seconds (startsecs)
2024-09-09 22:42:25,358 INFO success: websocket-server entered RUNNING state, process has stayed up for > than 1 seconds (startsecs)
2024-09-09 22:43:00,071 INFO reaped unknown pid 76 (exit status 0)
2024-09-09 22:43:00,071 INFO reaped unknown pid 78 (exit status 0)
2024-09-09 22:43:00,071 INFO reaped unknown pid 81 (exit status 0)
2024-09-09 22:43:00,071 INFO reaped unknown pid 82 (exit status 0)
2024-09-09 22:45:08,618 INFO reaped unknown pid 201 (exit status 0)
2024-09-09 22:45:08,618 INFO reaped unknown pid 203 (exit status 0)
2024-09-09 22:45:08,619 INFO reaped unknown pid 206 (exit status 0)
2024-09-09 22:45:08,619 INFO reaped unknown pid 207 (exit status 0)
2024-09-09 22:45:49,336 INFO reaped unknown pid 364 (exit status 0)
2024-09-09 22:45:49,337 INFO reaped unknown pid 366 (exit status 0)
2024-09-09 22:45:49,337 INFO reaped unknown pid 369 (exit status 0)
2024-09-09 22:45:49,337 INFO reaped unknown pid 370 (exit status 0)
2024-09-09 22:46:00,356 INFO reaped unknown pid 487 (exit status 0)
2024-09-09 22:46:00,356 INFO reaped unknown pid 489 (exit status 0)
2024-09-09 22:46:00,357 INFO reaped unknown pid 492 (exit status 0)
2024-09-09 22:46:00,357 INFO reaped unknown pid 493 (exit status 0)
2024-09-09 22:47:20,577 INFO reaped unknown pid 615 (exit status 0)
2024-09-09 22:47:20,577 INFO reaped unknown pid 617 (exit status 0)
2024-09-09 22:47:20,577 INFO reaped unknown pid 620 (exit status 0)
2024-09-09 22:47:20,577 INFO reaped unknown pid 621 (exit status 0)
2024-09-09 22:48:29,668 WARN received SIGQUIT indicating exit request
2024-09-09 22:48:29,668 INFO waiting for php-fpm, queue-worker, vue-dev-server, websocket-server to die
2024-09-09 22:48:29,675 INFO stopped: websocket-server (exit status 0)
2024-09-09 22:48:30,677 WARN stopped: vue-dev-server (terminated by SIGTERM)
2024-09-09 22:48:30,684 INFO stopped: queue-worker (exit status 0)
2024-09-09 22:48:30,690 INFO stopped: php-fpm (exit status 0)
2024-09-09 22:48:50,977 CRIT Supervisor is running as root.  Privileges were not dropped because no user is specified in the config file.  If you intend to run as root, you can set user=root in the config file to avoid this message.
2024-09-09 22:48:50,978 INFO supervisord started with pid 1
2024-09-09 22:48:51,982 INFO spawned: 'artisan-migrate' with pid 10
2024-09-09 22:48:51,985 INFO spawned: 'php-fpm' with pid 11
2024-09-09 22:48:51,988 INFO spawned: 'queue-worker' with pid 12
2024-09-09 22:48:51,991 INFO spawned: 'vue-dev-server' with pid 13
2024-09-09 22:48:51,994 INFO spawned: 'websocket-server' with pid 14
2024-09-09 22:48:52,013 INFO success: artisan-migrate entered RUNNING state, process has stayed up for > than 0 seconds (startsecs)
2024-09-09 22:48:52,106 INFO exited: artisan-migrate (exit status 0; expected)
2024-09-09 22:48:53,981 INFO success: php-fpm entered RUNNING state, process has stayed up for > than 1 seconds (startsecs)
2024-09-09 22:48:53,981 INFO success: queue-worker entered RUNNING state, process has stayed up for > than 1 seconds (startsecs)
2024-09-09 22:48:53,981 INFO success: vue-dev-server entered RUNNING state, process has stayed up for > than 1 seconds (startsecs)
2024-09-09 22:48:53,981 INFO success: websocket-server entered RUNNING state, process has stayed up for > than 1 seconds (startsecs)
2024-09-09 22:50:06,324 INFO reaped unknown pid 78 (exit status 0)
2024-09-09 22:50:06,324 INFO reaped unknown pid 80 (exit status 0)
2024-09-09 22:50:06,324 INFO reaped unknown pid 83 (exit status 0)
2024-09-09 22:50:06,324 INFO reaped unknown pid 84 (exit status 0)
2024-09-09 22:53:28,052 INFO reaped unknown pid 209 (exit status 0)
2024-09-09 22:53:28,052 INFO reaped unknown pid 211 (exit status 0)
2024-09-09 22:53:28,052 INFO reaped unknown pid 270 (terminated by SIGKILL)
2024-09-09 22:53:28,052 INFO reaped unknown pid 284 (terminated by SIGKILL)
2024-09-09 22:53:28,052 INFO reaped unknown pid 285 (terminated by SIGKILL)
2024-09-09 22:53:28,052 INFO reaped unknown pid 308 (terminated by SIGKILL)
2024-09-09 22:53:28,052 INFO reaped unknown pid 237 (terminated by SIGKILL)
2024-09-09 22:53:28,052 INFO reaped unknown pid 207 (terminated by SIGKILL)
2024-09-09 22:53:28,052 INFO reaped unknown pid 214 (terminated by SIGKILL)
2024-09-09 22:53:28,053 INFO reaped unknown pid 215 (terminated by SIGKILL)
2024-09-09 22:53:28,053 INFO reaped unknown pid 238 (terminated by SIGKILL)
2024-09-09 23:06:38,257 INFO reaped unknown pid 401 (terminated by SIGKILL)
2024-09-09 23:06:38,257 INFO reaped unknown pid 413 (terminated by SIGKILL)
2024-09-09 23:06:38,257 INFO reaped unknown pid 421 (terminated by SIGKILL)
2024-09-09 23:06:38,257 INFO reaped unknown pid 436 (terminated by SIGKILL)
2024-09-09 23:06:38,257 INFO reaped unknown pid 368 (terminated by SIGKILL)
2024-09-09 23:06:38,257 INFO reaped unknown pid 345 (terminated by SIGKILL)
2024-09-09 23:06:38,257 INFO reaped unknown pid 346 (terminated by SIGKILL)
2024-09-09 23:06:38,257 INFO reaped unknown pid 369 (terminated by SIGKILL)
2024-09-09 23:06:39,263 INFO reaped unknown pid 340 (exit status 0)
2024-09-09 23:06:39,263 INFO reaped unknown pid 342 (exit status 0)
2024-09-09 23:06:39,263 INFO reaped unknown pid 338 (terminated by SIGKILL)
2024-09-09 23:06:50,891 INFO reaped unknown pid 488 (terminated by SIGKILL)
2024-09-09 23:06:50,891 INFO reaped unknown pid 521 (terminated by SIGKILL)
2024-09-09 23:06:50,891 INFO reaped unknown pid 533 (terminated by SIGKILL)
2024-09-09 23:06:50,891 INFO reaped unknown pid 534 (terminated by SIGKILL)
2024-09-09 23:06:50,891 INFO reaped unknown pid 557 (terminated by SIGKILL)
2024-09-09 23:06:51,898 INFO reaped unknown pid 460 (exit status 0)
2024-09-09 23:06:51,898 INFO reaped unknown pid 462 (exit status 0)
2024-09-09 23:06:51,898 INFO reaped unknown pid 458 (terminated by SIGKILL)
2024-09-09 23:06:51,898 INFO reaped unknown pid 465 (terminated by SIGKILL)
2024-09-09 23:06:51,899 INFO reaped unknown pid 466 (terminated by SIGKILL)
2024-09-09 23:06:51,899 INFO reaped unknown pid 489 (terminated by SIGKILL)
2024-09-09 23:07:33,775 WARN received SIGQUIT indicating exit request
2024-09-09 23:07:33,775 INFO waiting for php-fpm, queue-worker, vue-dev-server, websocket-server to die
2024-09-09 23:07:33,785 INFO stopped: websocket-server (exit status 0)
2024-09-09 23:07:34,787 WARN stopped: vue-dev-server (terminated by SIGTERM)
2024-09-09 23:07:34,796 INFO stopped: queue-worker (exit status 0)
2024-09-09 23:07:35,803 INFO stopped: php-fpm (exit status 0)
2024-09-09 23:13:37,240 CRIT Supervisor is running as root.  Privileges were not dropped because no user is specified in the config file.  If you intend to run as root, you can set user=root in the config file to avoid this message.
2024-09-09 23:13:37,241 INFO supervisord started with pid 1
2024-09-09 23:13:38,243 INFO spawned: 'artisan-migrate' with pid 10
2024-09-09 23:13:38,246 INFO spawned: 'php-fpm' with pid 11
2024-09-09 23:13:38,248 INFO spawned: 'queue-worker' with pid 12
2024-09-09 23:13:38,251 INFO spawned: 'vue-dev-server' with pid 13
2024-09-09 23:13:38,253 INFO spawned: 'websocket-server' with pid 14
2024-09-09 23:13:38,276 INFO success: artisan-migrate entered RUNNING state, process has stayed up for > than 0 seconds (startsecs)
2024-09-09 23:13:38,887 INFO exited: artisan-migrate (exit status 0; expected)
2024-09-09 23:13:39,888 INFO success: php-fpm entered RUNNING state, process has stayed up for > than 1 seconds (startsecs)
2024-09-09 23:13:39,889 INFO success: queue-worker entered RUNNING state, process has stayed up for > than 1 seconds (startsecs)
2024-09-09 23:13:39,889 INFO success: vue-dev-server entered RUNNING state, process has stayed up for > than 1 seconds (startsecs)
2024-09-09 23:13:39,889 INFO success: websocket-server entered RUNNING state, process has stayed up for > than 1 seconds (startsecs)
2024-09-09 23:14:37,410 INFO reaped unknown pid 83 (exit status 0)
2024-09-09 23:14:37,410 INFO reaped unknown pid 85 (exit status 0)
2024-09-09 23:14:37,410 INFO reaped unknown pid 88 (exit status 0)
2024-09-09 23:14:37,410 INFO reaped unknown pid 89 (exit status 0)
2024-09-09 23:15:06,448 INFO reaped unknown pid 210 (exit status 0)
2024-09-09 23:15:06,448 INFO reaped unknown pid 212 (exit status 0)
2024-09-09 23:15:06,448 INFO reaped unknown pid 215 (exit status 0)
2024-09-09 23:15:06,448 INFO reaped unknown pid 216 (exit status 0)
2024-09-09 23:16:02,299 INFO reaped unknown pid 338 (exit status 0)
2024-09-09 23:16:02,300 INFO reaped unknown pid 340 (exit status 0)
2024-09-09 23:16:02,300 INFO reaped unknown pid 343 (exit status 0)
2024-09-09 23:16:02,300 INFO reaped unknown pid 344 (exit status 0)
2024-09-09 23:18:25,320 WARN received SIGQUIT indicating exit request
2024-09-09 23:18:25,320 INFO waiting for php-fpm, queue-worker, vue-dev-server, websocket-server to die
2024-09-09 23:18:25,327 INFO stopped: websocket-server (exit status 0)
2024-09-09 23:18:26,330 WARN stopped: vue-dev-server (terminated by SIGTERM)
2024-09-09 23:18:26,336 INFO stopped: queue-worker (exit status 0)
2024-09-09 23:18:26,341 INFO stopped: php-fpm (exit status 0)
2024-09-09 23:18:49,861 CRIT Supervisor is running as root.  Privileges were not dropped because no user is specified in the config file.  If you intend to run as root, you can set user=root in the config file to avoid this message.
2024-09-09 23:18:49,862 INFO supervisord started with pid 1
2024-09-09 23:18:50,865 INFO spawned: 'artisan-migrate' with pid 10
2024-09-09 23:18:50,868 INFO spawned: 'php-fpm' with pid 11
2024-09-09 23:18:50,870 INFO spawned: 'queue-worker' with pid 12
2024-09-09 23:18:50,871 INFO spawned: 'vue-dev-server' with pid 13
2024-09-09 23:18:50,872 INFO spawned: 'websocket-server' with pid 14
2024-09-09 23:18:50,889 INFO success: artisan-migrate entered RUNNING state, process has stayed up for > than 0 seconds (startsecs)
2024-09-09 23:18:50,982 INFO exited: artisan-migrate (exit status 0; expected)
2024-09-09 23:18:52,565 INFO success: php-fpm entered RUNNING state, process has stayed up for > than 1 seconds (startsecs)
2024-09-09 23:18:52,565 INFO success: queue-worker entered RUNNING state, process has stayed up for > than 1 seconds (startsecs)
2024-09-09 23:18:52,565 INFO success: vue-dev-server entered RUNNING state, process has stayed up for > than 1 seconds (startsecs)
2024-09-09 23:18:52,565 INFO success: websocket-server entered RUNNING state, process has stayed up for > than 1 seconds (startsecs)
2024-09-09 23:20:56,906 WARN received SIGQUIT indicating exit request
2024-09-09 23:20:56,907 INFO waiting for php-fpm, queue-worker, vue-dev-server, websocket-server to die
2024-09-09 23:20:56,913 INFO stopped: websocket-server (exit status 0)
2024-09-09 23:20:57,915 WARN stopped: vue-dev-server (terminated by SIGTERM)
2024-09-09 23:20:57,920 INFO stopped: queue-worker (exit status 0)
2024-09-09 23:20:57,925 INFO stopped: php-fpm (exit status 0)
2024-09-09 23:21:14,045 CRIT Supervisor is running as root.  Privileges were not dropped because no user is specified in the config file.  If you intend to run as root, you can set user=root in the config file to avoid this message.
2024-09-09 23:21:14,046 INFO supervisord started with pid 1
2024-09-09 23:21:15,049 INFO spawned: 'artisan-migrate' with pid 10
2024-09-09 23:21:15,051 INFO spawned: 'php-fpm' with pid 11
2024-09-09 23:21:15,053 INFO spawned: 'queue-worker' with pid 12
2024-09-09 23:21:15,055 INFO spawned: 'vue-dev-server' with pid 13
2024-09-09 23:21:15,057 INFO spawned: 'websocket-server' with pid 14
2024-09-09 23:21:15,073 INFO success: artisan-migrate entered RUNNING state, process has stayed up for > than 0 seconds (startsecs)
2024-09-09 23:21:15,177 INFO exited: artisan-migrate (exit status 0; expected)
2024-09-09 23:21:16,267 INFO success: php-fpm entered RUNNING state, process has stayed up for > than 1 seconds (startsecs)
2024-09-09 23:21:16,267 INFO success: queue-worker entered RUNNING state, process has stayed up for > than 1 seconds (startsecs)
2024-09-09 23:21:16,267 INFO success: vue-dev-server entered RUNNING state, process has stayed up for > than 1 seconds (startsecs)
2024-09-09 23:21:16,267 INFO success: websocket-server entered RUNNING state, process has stayed up for > than 1 seconds (startsecs)
2024-09-09 23:21:48,753 INFO reaped unknown pid 79 (exit status 0)
2024-09-09 23:21:48,754 INFO reaped unknown pid 81 (exit status 0)
2024-09-09 23:21:48,754 INFO reaped unknown pid 84 (exit status 0)
2024-09-09 23:21:48,754 INFO reaped unknown pid 85 (exit status 0)
2024-09-09 23:21:48,754 INFO reaped unknown pid 152 (exit status 0)
2024-09-09 23:23:16,882 WARN received SIGQUIT indicating exit request
2024-09-09 23:23:16,882 INFO waiting for php-fpm, queue-worker, vue-dev-server, websocket-server to die
2024-09-09 23:23:16,888 INFO stopped: websocket-server (exit status 0)
2024-09-09 23:23:17,889 WARN stopped: vue-dev-server (terminated by SIGTERM)
2024-09-09 23:23:17,898 INFO stopped: queue-worker (exit status 0)
2024-09-09 23:23:17,903 INFO stopped: php-fpm (exit status 0)
2024-09-09 23:23:36,019 CRIT Supervisor is running as root.  Privileges were not dropped because no user is specified in the config file.  If you intend to run as root, you can set user=root in the config file to avoid this message.
2024-09-09 23:23:36,020 INFO supervisord started with pid 1
2024-09-09 23:23:37,024 INFO spawned: 'artisan-migrate' with pid 10
2024-09-09 23:23:37,027 INFO spawned: 'php-fpm' with pid 11
2024-09-09 23:23:37,029 INFO spawned: 'queue-worker' with pid 12
2024-09-09 23:23:37,030 INFO spawned: 'vue-dev-server' with pid 13
2024-09-09 23:23:37,031 INFO spawned: 'websocket-server' with pid 14
2024-09-09 23:23:37,046 INFO success: artisan-migrate entered RUNNING state, process has stayed up for > than 0 seconds (startsecs)
2024-09-09 23:23:37,146 INFO exited: artisan-migrate (exit status 0; expected)
2024-09-09 23:23:38,243 INFO success: php-fpm entered RUNNING state, process has stayed up for > than 1 seconds (startsecs)
2024-09-09 23:23:38,243 INFO success: queue-worker entered RUNNING state, process has stayed up for > than 1 seconds (startsecs)
2024-09-09 23:23:38,243 INFO success: vue-dev-server entered RUNNING state, process has stayed up for > than 1 seconds (startsecs)
2024-09-09 23:23:38,243 INFO success: websocket-server entered RUNNING state, process has stayed up for > than 1 seconds (startsecs)
2024-09-09 23:24:16,443 INFO reaped unknown pid 77 (exit status 0)
2024-09-09 23:24:16,443 INFO reaped unknown pid 79 (exit status 0)
2024-09-09 23:24:16,443 INFO reaped unknown pid 82 (exit status 0)
2024-09-09 23:24:16,443 INFO reaped unknown pid 83 (exit status 0)
2024-09-09 23:24:19,567 INFO reaped unknown pid 237 (exit status 0)
2024-09-09 23:24:19,567 INFO reaped unknown pid 239 (exit status 0)
2024-09-09 23:24:19,567 INFO reaped unknown pid 242 (exit status 0)
2024-09-09 23:24:19,567 INFO reaped unknown pid 243 (exit status 0)
2024-09-09 23:31:34,480 INFO reaped unknown pid 396 (exit status 0)
2024-09-09 23:31:34,480 INFO reaped unknown pid 398 (exit status 0)
2024-09-09 23:31:34,480 INFO reaped unknown pid 401 (exit status 0)
2024-09-09 23:31:34,480 INFO reaped unknown pid 402 (exit status 0)
2024-09-09 23:31:36,869 INFO reaped unknown pid 560 (exit status 0)
2024-09-09 23:31:36,869 INFO reaped unknown pid 562 (exit status 0)
2024-09-09 23:31:36,869 INFO reaped unknown pid 565 (exit status 0)
2024-09-09 23:31:36,869 INFO reaped unknown pid 566 (exit status 0)
2024-09-09 23:31:39,195 INFO reaped unknown pid 722 (exit status 0)
2024-09-09 23:31:39,195 INFO reaped unknown pid 724 (exit status 0)
2024-09-09 23:31:39,195 INFO reaped unknown pid 727 (exit status 0)
2024-09-09 23:31:39,195 INFO reaped unknown pid 728 (exit status 0)
2024-09-09 23:31:41,481 INFO reaped unknown pid 885 (exit status 0)
2024-09-09 23:31:41,481 INFO reaped unknown pid 887 (exit status 0)
2024-09-09 23:31:41,481 INFO reaped unknown pid 890 (exit status 0)
2024-09-09 23:31:41,481 INFO reaped unknown pid 891 (exit status 0)
2024-09-09 23:31:43,965 INFO reaped unknown pid 1046 (exit status 0)
2024-09-09 23:31:43,965 INFO reaped unknown pid 1048 (exit status 0)
2024-09-09 23:31:43,965 INFO reaped unknown pid 1051 (exit status 0)
2024-09-09 23:31:43,965 INFO reaped unknown pid 1052 (exit status 0)
2024-09-09 23:31:46,291 INFO reaped unknown pid 1220 (exit status 0)
2024-09-09 23:31:46,291 INFO reaped unknown pid 1222 (exit status 0)
2024-09-09 23:31:46,291 INFO reaped unknown pid 1225 (exit status 0)
2024-09-09 23:31:46,291 INFO reaped unknown pid 1226 (exit status 0)
2024-09-09 23:31:48,693 INFO reaped unknown pid 1383 (exit status 0)
2024-09-09 23:31:48,693 INFO reaped unknown pid 1385 (exit status 0)
2024-09-09 23:31:48,693 INFO reaped unknown pid 1388 (exit status 0)
2024-09-09 23:31:48,693 INFO reaped unknown pid 1389 (exit status 0)
2024-09-09 23:31:51,112 INFO reaped unknown pid 1545 (exit status 0)
2024-09-09 23:31:51,112 INFO reaped unknown pid 1547 (exit status 0)
2024-09-09 23:31:51,112 INFO reaped unknown pid 1550 (exit status 0)
2024-09-09 23:31:51,112 INFO reaped unknown pid 1551 (exit status 0)
2024-09-09 23:31:53,420 INFO reaped unknown pid 1707 (exit status 0)
2024-09-09 23:31:53,420 INFO reaped unknown pid 1709 (exit status 0)
2024-09-09 23:31:53,420 INFO reaped unknown pid 1712 (exit status 0)
2024-09-09 23:31:53,420 INFO reaped unknown pid 1713 (exit status 0)
2024-09-09 23:32:04,865 INFO reaped unknown pid 1869 (exit status 0)
2024-09-09 23:32:04,865 INFO reaped unknown pid 1871 (exit status 0)
2024-09-09 23:32:04,865 INFO reaped unknown pid 1874 (exit status 0)
2024-09-09 23:32:04,865 INFO reaped unknown pid 1875 (exit status 0)
2024-09-09 23:32:07,368 INFO reaped unknown pid 2031 (exit status 0)
2024-09-09 23:32:07,368 INFO reaped unknown pid 2033 (exit status 0)
2024-09-09 23:32:07,368 INFO reaped unknown pid 2036 (exit status 0)
2024-09-09 23:32:07,368 INFO reaped unknown pid 2037 (exit status 0)
2024-09-09 23:32:09,723 INFO reaped unknown pid 2206 (exit status 0)
2024-09-09 23:32:09,723 INFO reaped unknown pid 2208 (exit status 0)
2024-09-09 23:32:09,723 INFO reaped unknown pid 2211 (exit status 0)
2024-09-09 23:32:09,723 INFO reaped unknown pid 2212 (exit status 0)
2024-09-09 23:32:12,069 INFO reaped unknown pid 2368 (exit status 0)
2024-09-09 23:32:12,069 INFO reaped unknown pid 2370 (exit status 0)
2024-09-09 23:32:12,069 INFO reaped unknown pid 2373 (exit status 0)
2024-09-09 23:32:12,070 INFO reaped unknown pid 2374 (exit status 0)
2024-09-09 23:32:14,440 INFO reaped unknown pid 2530 (exit status 0)
2024-09-09 23:32:14,440 INFO reaped unknown pid 2532 (exit status 0)
2024-09-09 23:32:14,440 INFO reaped unknown pid 2535 (exit status 0)
2024-09-09 23:32:14,440 INFO reaped unknown pid 2536 (exit status 0)
2024-09-09 23:32:16,841 INFO reaped unknown pid 2694 (exit status 0)
2024-09-09 23:32:16,841 INFO reaped unknown pid 2696 (exit status 0)
2024-09-09 23:32:16,841 INFO reaped unknown pid 2699 (exit status 0)
2024-09-09 23:32:16,842 INFO reaped unknown pid 2700 (exit status 0)
2024-09-09 23:32:19,166 INFO reaped unknown pid 2857 (exit status 0)
2024-09-09 23:32:19,166 INFO reaped unknown pid 2859 (exit status 0)
2024-09-09 23:32:19,166 INFO reaped unknown pid 2862 (exit status 0)
2024-09-09 23:32:19,166 INFO reaped unknown pid 2863 (exit status 0)
2024-09-09 23:32:21,537 INFO reaped unknown pid 3018 (exit status 0)
2024-09-09 23:32:21,537 INFO reaped unknown pid 3020 (exit status 0)
2024-09-09 23:32:21,537 INFO reaped unknown pid 3023 (exit status 0)
2024-09-09 23:32:21,537 INFO reaped unknown pid 3024 (exit status 0)
2024-09-09 23:32:30,097 INFO reaped unknown pid 3180 (exit status 0)
2024-09-09 23:32:30,097 INFO reaped unknown pid 3182 (exit status 0)
2024-09-09 23:32:30,097 INFO reaped unknown pid 3185 (exit status 0)
2024-09-09 23:32:30,097 INFO reaped unknown pid 3186 (exit status 0)
2024-09-09 23:32:32,537 INFO reaped unknown pid 3344 (exit status 0)
2024-09-09 23:32:32,537 INFO reaped unknown pid 3346 (exit status 0)
2024-09-09 23:32:32,537 INFO reaped unknown pid 3349 (exit status 0)
2024-09-09 23:32:32,537 INFO reaped unknown pid 3350 (exit status 0)
2024-09-09 23:32:34,873 INFO reaped unknown pid 3508 (exit status 0)
2024-09-09 23:32:34,873 INFO reaped unknown pid 3510 (exit status 0)
2024-09-09 23:32:34,874 INFO reaped unknown pid 3513 (exit status 0)
2024-09-09 23:32:34,874 INFO reaped unknown pid 3514 (exit status 0)
2024-09-09 23:32:37,238 INFO reaped unknown pid 3670 (exit status 0)
2024-09-09 23:32:37,238 INFO reaped unknown pid 3672 (exit status 0)
2024-09-09 23:32:37,238 INFO reaped unknown pid 3675 (exit status 0)
2024-09-09 23:32:37,238 INFO reaped unknown pid 3676 (exit status 0)
2024-09-09 23:32:39,629 INFO reaped unknown pid 3833 (exit status 0)
2024-09-09 23:32:39,629 INFO reaped unknown pid 3835 (exit status 0)
2024-09-09 23:32:39,629 INFO reaped unknown pid 3838 (exit status 0)
2024-09-09 23:32:39,629 INFO reaped unknown pid 3839 (exit status 0)
2024-09-09 23:32:42,057 INFO reaped unknown pid 3997 (exit status 0)
2024-09-09 23:32:42,057 INFO reaped unknown pid 3999 (exit status 0)
2024-09-09 23:32:42,057 INFO reaped unknown pid 4002 (exit status 0)
2024-09-09 23:32:42,057 INFO reaped unknown pid 4003 (exit status 0)
2024-09-09 23:32:44,480 INFO reaped unknown pid 4160 (exit status 0)
2024-09-09 23:32:44,480 INFO reaped unknown pid 4162 (exit status 0)
2024-09-09 23:32:44,480 INFO reaped unknown pid 4165 (exit status 0)
2024-09-09 23:32:44,481 INFO reaped unknown pid 4166 (exit status 0)
2024-09-09 23:33:20,162 INFO reaped unknown pid 4321 (exit status 0)
2024-09-09 23:33:20,162 INFO reaped unknown pid 4323 (exit status 0)
2024-09-09 23:33:20,162 INFO reaped unknown pid 4326 (exit status 0)
2024-09-09 23:33:20,162 INFO reaped unknown pid 4327 (exit status 0)
2024-09-09 23:33:22,741 INFO reaped unknown pid 4495 (exit status 0)
2024-09-09 23:33:22,741 INFO reaped unknown pid 4497 (exit status 0)
2024-09-09 23:33:22,741 INFO reaped unknown pid 4500 (exit status 0)
2024-09-09 23:33:22,741 INFO reaped unknown pid 4501 (exit status 0)
2024-09-09 23:33:25,287 INFO reaped unknown pid 4659 (exit status 0)
2024-09-09 23:33:25,287 INFO reaped unknown pid 4661 (exit status 0)
2024-09-09 23:33:25,287 INFO reaped unknown pid 4664 (exit status 0)
2024-09-09 23:33:25,287 INFO reaped unknown pid 4665 (exit status 0)
2024-09-09 23:33:27,765 INFO reaped unknown pid 4833 (exit status 0)
2024-09-09 23:33:27,765 INFO reaped unknown pid 4835 (exit status 0)
2024-09-09 23:33:27,765 INFO reaped unknown pid 4838 (exit status 0)
2024-09-09 23:33:27,766 INFO reaped unknown pid 4839 (exit status 0)
2024-09-09 23:33:30,173 INFO reaped unknown pid 4996 (exit status 0)
2024-09-09 23:33:30,173 INFO reaped unknown pid 4998 (exit status 0)
2024-09-09 23:33:30,173 INFO reaped unknown pid 5001 (exit status 0)
2024-09-09 23:33:30,173 INFO reaped unknown pid 5002 (exit status 0)
2024-09-09 23:33:32,552 INFO reaped unknown pid 5158 (exit status 0)
2024-09-09 23:33:32,552 INFO reaped unknown pid 5160 (exit status 0)
2024-09-09 23:33:32,552 INFO reaped unknown pid 5163 (exit status 0)
2024-09-09 23:33:32,553 INFO reaped unknown pid 5164 (exit status 0)
2024-09-09 23:33:34,939 INFO reaped unknown pid 5320 (exit status 0)
2024-09-09 23:33:34,940 INFO reaped unknown pid 5322 (exit status 0)
2024-09-09 23:33:34,940 INFO reaped unknown pid 5325 (exit status 0)
2024-09-09 23:33:34,940 INFO reaped unknown pid 5326 (exit status 0)
2024-09-09 23:33:37,288 INFO reaped unknown pid 5481 (exit status 0)
2024-09-09 23:33:37,288 INFO reaped unknown pid 5483 (exit status 0)
2024-09-09 23:33:37,288 INFO reaped unknown pid 5486 (exit status 0)
2024-09-09 23:33:37,288 INFO reaped unknown pid 5487 (exit status 0)
2024-09-09 23:33:39,835 INFO reaped unknown pid 5643 (exit status 0)
2024-09-09 23:33:39,835 INFO reaped unknown pid 5645 (exit status 0)
2024-09-09 23:33:39,835 INFO reaped unknown pid 5648 (exit status 0)
2024-09-09 23:33:39,835 INFO reaped unknown pid 5649 (exit status 0)
2024-09-09 23:33:55,479 WARN received SIGQUIT indicating exit request
2024-09-09 23:33:55,480 INFO waiting for php-fpm, queue-worker, vue-dev-server, websocket-server to die
2024-09-09 23:33:55,487 INFO stopped: websocket-server (exit status 0)
2024-09-09 23:33:56,489 WARN stopped: vue-dev-server (terminated by SIGTERM)
2024-09-09 23:33:56,496 INFO stopped: queue-worker (exit status 0)
2024-09-09 23:33:56,502 INFO stopped: php-fpm (exit status 0)
